\BOOKMARK [0][-]{chapter*.2}{\376\377\000R\000\351\000s\000u\000m\000\351}{}% 1
\BOOKMARK [0][-]{chapter.1}{\376\377\000I\000n\000t\000r\000o\000d\000u\000c\000t\000i\000o\000n}{}% 2
\BOOKMARK [0][-]{chapter.2}{\376\377\000C\000o\000n\000t\000e\000x\000t\000e\000\040\000t\000h\000\351\000o\000r\000i\000q\000u\000e}{}% 3
\BOOKMARK [1][-]{section.2.1}{\376\377\000A\000p\000p\000r\000e\000n\000t\000i\000s\000s\000a\000g\000e\000\040\000a\000u\000t\000o\000-\000s\000u\000p\000e\000r\000v\000i\000s\000\351}{chapter.2}% 4
\BOOKMARK [1][-]{section.2.2}{\376\377\000S\000i\000m\000C\000L\000R}{chapter.2}% 5
\BOOKMARK [1][-]{section.2.3}{\376\377\000V\000i\000s\000i\000o\000n\000\040\000T\000r\000a\000n\000s\000f\000o\000r\000m\000e\000r\000s}{chapter.2}% 6
\BOOKMARK [1][-]{section.2.4}{\376\377\000L\000i\000n\000e\000a\000r\000\040\000P\000r\000o\000b\000e\000\040\000e\000t\000\040\000F\000i\000n\000e\000-\000T\000u\000n\000i\000n\000g}{chapter.2}% 7
\BOOKMARK [1][-]{section.2.5}{\376\377\000T\000e\000s\000t\000-\000T\000i\000m\000e\000\040\000T\000r\000a\000i\000n\000i\000n\000g\000\040\000e\000t\000\040\000T\000E\000N\000T}{chapter.2}% 8
\BOOKMARK [0][-]{chapter.3}{\376\377\000M\000\351\000t\000h\000o\000d\000o\000l\000o\000g\000i\000e}{}% 9
\BOOKMARK [1][-]{section.3.1}{\376\377\000P\000i\000p\000e\000l\000i\000n\000e\000\040\000g\000l\000o\000b\000a\000l}{chapter.3}% 10
\BOOKMARK [1][-]{section.3.2}{\376\377\000D\000o\000n\000n\000\351\000e\000s\000\040\000:\000\040\000C\000I\000F\000A\000R\000-\0001\0000\000\040\000e\000t\000\040\000C\000I\000F\000A\000R\000-\0001\0000\000-\000C}{chapter.3}% 11
\BOOKMARK [1][-]{section.3.3}{\376\377\000A\000r\000c\000h\000i\000t\000e\000c\000t\000u\000r\000e\000\040\000d\000u\000\040\000m\000o\000d\000\350\000l\000e}{chapter.3}% 12
\BOOKMARK [1][-]{section.3.4}{\376\377\000S\000t\000a\000g\000e\000\040\000A\000\040\000:\000\040\000P\000r\000\351\000-\000e\000n\000t\000r\000a\000\356\000n\000e\000m\000e\000n\000t\000\040\000S\000i\000m\000C\000L\000R}{chapter.3}% 13
\BOOKMARK [1][-]{section.3.5}{\376\377\000S\000t\000a\000g\000e\000\040\000B\000.\0001\000\040\000:\000\040\000L\000i\000n\000e\000a\000r\000\040\000P\000r\000o\000b\000e}{chapter.3}% 14
\BOOKMARK [1][-]{section.3.6}{\376\377\000S\000t\000a\000g\000e\000\040\000B\000.\0002\000\040\000:\000\040\000F\000i\000n\000e\000-\000t\000u\000n\000i\000n\000g}{chapter.3}% 15
\BOOKMARK [1][-]{section.3.7}{\376\377\000S\000t\000a\000g\000e\000\040\000C\000\040\000:\000\040\000T\000e\000s\000t\000-\000T\000i\000m\000e\000\040\000T\000r\000a\000i\000n\000i\000n\000g}{chapter.3}% 16
\BOOKMARK [0][-]{chapter.4}{\376\377\000I\000m\000p\000l\000\351\000m\000e\000n\000t\000a\000t\000i\000o\000n}{}% 17
\BOOKMARK [1][-]{section.4.1}{\376\377\000S\000t\000r\000u\000c\000t\000u\000r\000e\000\040\000g\000\351\000n\000\351\000r\000a\000l\000e\000\040\000d\000u\000\040\000c\000o\000d\000e}{chapter.4}% 18
\BOOKMARK [1][-]{section.4.2}{\376\377\000B\000a\000s\000e\000T\000r\000a\000i\000n\000e\000r}{chapter.4}% 19
\BOOKMARK [1][-]{section.4.3}{\376\377\000S\000i\000m\000C\000L\000R\000T\000r\000a\000i\000n\000e\000r}{chapter.4}% 20
\BOOKMARK [1][-]{section.4.4}{\376\377\000L\000i\000n\000e\000a\000r\000P\000r\000o\000b\000e\000T\000r\000a\000i\000n\000e\000r}{chapter.4}% 21
\BOOKMARK [1][-]{section.4.5}{\376\377\000F\000i\000n\000e\000T\000u\000n\000e\000T\000r\000a\000i\000n\000e\000r}{chapter.4}% 22
\BOOKMARK [1][-]{section.4.6}{\376\377\000T\000e\000s\000t\000T\000i\000m\000e\000A\000d\000a\000p\000t\000e\000r\000\040\000\050\000T\000E\000N\000T\000\051}{chapter.4}% 23
\BOOKMARK [1][-]{section.4.7}{\376\377\000N\000o\000t\000e\000b\000o\000o\000k\000\040\000C\000o\000l\000a\000b\000\040\000e\000t\000\040\000r\000e\000p\000r\000o\000d\000u\000c\000t\000i\000b\000i\000l\000i\000t\000\351}{chapter.4}% 24
\BOOKMARK [0][-]{chapter.5}{\376\377\000R\000\351\000s\000u\000l\000t\000a\000t\000s}{}% 25
\BOOKMARK [1][-]{section.5.1}{\376\377\000C\000o\000n\000v\000e\000r\000g\000e\000n\000c\000e\000\040\000S\000i\000m\000C\000L\000R}{chapter.5}% 26
\BOOKMARK [1][-]{section.5.2}{\376\377\000L\000i\000n\000e\000a\000r\000\040\000P\000r\000o\000b\000e}{chapter.5}% 27
\BOOKMARK [1][-]{section.5.3}{\376\377\000F\000i\000n\000e\000-\000t\000u\000n\000i\000n\000g}{chapter.5}% 28
\BOOKMARK [1][-]{section.5.4}{\376\377\000C\000I\000F\000A\000R\000-\0001\0000\000-\000C\000\040\000:\000\040\000b\000a\000s\000e\000l\000i\000n\000e\000\040\000v\000s\000\040\000T\000T\000T}{chapter.5}% 29
\BOOKMARK [1][-]{section.5.5}{\376\377\000A\000n\000a\000l\000y\000s\000e\000\040\000d\000e\000s\000\040\000g\000a\000i\000n\000s\000\040\000d\000e\000\040\000r\000o\000b\000u\000s\000t\000e\000s\000s\000e}{chapter.5}% 30
\BOOKMARK [0][-]{chapter.6}{\376\377\000D\000i\000s\000c\000u\000s\000s\000i\000o\000n}{}% 31
\BOOKMARK [0][-]{chapter.7}{\376\377\000C\000o\000n\000c\000l\000u\000s\000i\000o\000n\000\040\000e\000t\000\040\000p\000e\000r\000s\000p\000e\000c\000t\000i\000v\000e\000s}{}% 32
\BOOKMARK [0][-]{appendix.A}{\376\377\000A\000n\000n\000e\000x\000e\000s}{}% 33
\BOOKMARK [1][-]{section.A.1}{\376\377\000S\000t\000r\000u\000c\000t\000u\000r\000e\000\040\000d\000u\000\040\000d\000\351\000p\000\364\000t}{appendix.A}% 34
\BOOKMARK [1][-]{section.A.2}{\376\377\000C\000o\000n\000f\000i\000g\000u\000r\000a\000t\000i\000o\000n\000\040\000Y\000A\000M\000L}{appendix.A}% 35
\BOOKMARK [1][-]{section.A.3}{\376\377\000E\000x\000t\000r\000a\000i\000t\000s\000\040\000d\000e\000\040\000c\000o\000d\000e\000\040\000e\000s\000s\000e\000n\000t\000i\000e\000l\000s}{appendix.A}% 36
\BOOKMARK [1][-]{section.A.4}{\376\377\000E\000n\000v\000i\000r\000o\000n\000n\000e\000m\000e\000n\000t\000\040\000d\000'\000e\000x\000\351\000c\000u\000t\000i\000o\000n}{appendix.A}% 37
\BOOKMARK [1][-]{section.A.5}{\376\377\000C\000o\000m\000m\000a\000n\000d\000e\000s\000\040\000d\000'\000e\000x\000\351\000c\000u\000t\000i\000o\000n\000\040\000d\000u\000\040\000p\000i\000p\000e\000l\000i\000n\000e}{appendix.A}% 38
\BOOKMARK [1][-]{section.A.6}{\376\377\000R\000\351\000s\000u\000l\000t\000a\000t\000s\000\040\000T\000e\000n\000s\000o\000r\000B\000o\000a\000r\000d}{appendix.A}% 39
\BOOKMARK [1][-]{section.A.7}{\376\377\000R\000e\000p\000r\000o\000d\000u\000c\000t\000i\000b\000i\000l\000i\000t\000\351}{appendix.A}% 40
